<?xml version="1.0" encoding="UTF-8"?>
<!-- Generated by org.testng.reporters.JUnitReportReporter -->
<testsuite hostname="DESKTOP-K7BIRIK" failures="0" tests="3" name="userInterface.CarsTest" time="0.004" errors="0" timestamp="2022-06-04T22:34:25 EDT" skipped="0">
  <testcase classname="userInterface.CarsTest" name="Honda" time="0.001"/>
  <system-out/>
  <testcase classname="userInterface.CarsTest" name="Tesla" time="0.001"/>
  <system-out/>
  <testcase classname="userInterface.CarsTest" name="Toyota" time="0.002"/>
  <system-out/>
</testsuite> <!-- userInterface.CarsTest -->
