<?xml version="1.0" encoding="UTF-8"?>
<!-- Generated by org.testng.reporters.JUnitReportReporter -->
<testsuite hostname="DESKTOP-K7BIRIK" failures="0" tests="3" name="userInterface.CarsTest" time="0.010" errors="0" timestamp="2022-06-04T17:13:36 EDT" skipped="0">
  <testcase classname="userInterface.CarsTest" name="Toyota" time="0.005"/>
  <system-out/>
  <testcase classname="userInterface.CarsTest" name="Tesla" time="0.001"/>
  <system-out/>
  <testcase classname="userInterface.CarsTest" name="Alphabits" time="0.004"/>
  <system-out/>
</testsuite> <!-- userInterface.CarsTest -->
