<?xml version="1.0" encoding="UTF-8"?>
<!-- Generated by org.testng.reporters.JUnitReportReporter -->
<<<<<<< HEAD
<testsuite hostname="DESKTOP-K7BIRIK" failures="0" tests="3" name="userInterface.PhonesTest" time="0.008" errors="0" timestamp="2022-06-04T17:12:56 EDT" skipped="0">
  <testcase classname="userInterface.PhonesTest" name="Samsung" time="0.002"/>
  <system-out/>
  <testcase classname="userInterface.PhonesTest" name="Iphone" time="0.003"/>
  <system-out/>
  <testcase classname="userInterface.PhonesTest" name="Nokia" time="0.003"/>
=======
<testsuite hostname="DESKTOP-K7BIRIK" failures="0" tests="3" name="userInterface.PhonesTest" time="0.009" errors="0" timestamp="2022-06-04T22:34:25 EDT" skipped="0">
  <testcase classname="userInterface.PhonesTest" name="Nokia" time="0.002"/>
  <system-out/>
  <testcase classname="userInterface.PhonesTest" name="Samsung" time="0.005"/>
  <system-out/>
  <testcase classname="userInterface.PhonesTest" name="Iphone" time="0.002"/>
>>>>>>> TesterEngineers
  <system-out/>
</testsuite> <!-- userInterface.PhonesTest -->
