<?xml version="1.0" encoding="UTF-8"?>
<!-- Generated by org.testng.reporters.JUnitReportReporter -->
<testsuite hostname="DESKTOP-K7BIRIK" failures="0" tests="3" name="userInterface.LaptopTest" time="0.014" errors="0" timestamp="2022-06-04T22:34:25 EDT" skipped="0">
  <testcase classname="userInterface.LaptopTest" name="HP" time="0.004"/>
  <system-out/>
  <testcase classname="userInterface.LaptopTest" name="Dell" time="0.005"/>
  <system-out/>
  <testcase classname="userInterface.LaptopTest" name="Lenovo" time="0.005"/>
  <system-out/>
</testsuite> <!-- userInterface.LaptopTest -->
