<?xml version="1.0" encoding="UTF-8"?>
<!-- Generated by org.testng.reporters.JUnitReportReporter -->
<testsuite hostname="DESKTOP-K7BIRIK" failures="0" tests="2" name="userInterface.CarsTest" time="0.006" errors="0" timestamp="2022-05-31T22:40:14 EDT" skipped="0">
  <testcase classname="userInterface.CarsTest" name="Honda" time="0.005"/>
  <system-out/>
  <testcase classname="userInterface.CarsTest" name="Toyota" time="0.001"/>
  <system-out/>
</testsuite> <!-- userInterface.CarsTest -->
