<?xml version="1.0" encoding="UTF-8"?>
<!-- Generated by org.testng.reporters.JUnitReportReporter -->
<testsuite hostname="DESKTOP-K7BIRIK" failures="0" tests="2" name="userInterface.PhonesTest" time="0.001" errors="0" timestamp="2022-05-31T22:40:14 EDT" skipped="0">
  <testcase classname="userInterface.PhonesTest" name="Iphone" time="0.001"/>
  <system-out/>
  <testcase classname="userInterface.PhonesTest" name="Samsung" time="0.000"/>
  <system-out/>
</testsuite> <!-- userInterface.PhonesTest -->
